<?xml version="1.0" encoding="UTF-8"?>
<testng-results skipped="0" failed="0" total="2" passed="2">
  <reporter-output>
  </reporter-output>
  <suite name="Default suite" duration-ms="123479" started-at="2020-05-14T07:26:43Z" finished-at="2020-05-14T07:28:46Z">
    <groups>
    </groups>
    <test name="Default test" duration-ms="123479" started-at="2020-05-14T07:26:43Z" finished-at="2020-05-14T07:28:46Z">
      <class name="com.training.sanity.tests.RETC_042_MediumRealEstate_AddedPostDisplaysInAllPostsPage">
        <test-method status="PASS" signature="setUpBeforeClass()[pri:0, instance:com.training.sanity.tests.RETC_042_MediumRealEstate_AddedPostDisplaysInAllPostsPage@7dc7cbad]" name="setUpBeforeClass" is-config="true" duration-ms="13" started-at="2020-05-14T12:56:43Z" finished-at="2020-05-14T12:56:43Z">
          <reporter-output>
          </reporter-output>
        </test-method> <!-- setUpBeforeClass -->
        <test-method status="PASS" signature="setUp()[pri:0, instance:com.training.sanity.tests.RETC_042_MediumRealEstate_AddedPostDisplaysInAllPostsPage@7dc7cbad]" name="setUp" is-config="true" duration-ms="35352" started-at="2020-05-14T12:56:43Z" finished-at="2020-05-14T12:57:18Z">
          <reporter-output>
          </reporter-output>
        </test-method> <!-- setUp -->
        <test-method status="PASS" signature="LogIn()[pri:0, instance:com.training.sanity.tests.RETC_042_MediumRealEstate_AddedPostDisplaysInAllPostsPage@7dc7cbad]" name="LogIn" duration-ms="7885" started-at="2020-05-14T12:57:18Z" finished-at="2020-05-14T12:57:26Z">
          <reporter-output>
          </reporter-output>
        </test-method> <!-- LogIn -->
        <test-method status="PASS" signature="AddPost()[pri:0, instance:com.training.sanity.tests.RETC_042_MediumRealEstate_AddedPostDisplaysInAllPostsPage@7dc7cbad]" name="AddPost" duration-ms="78329" started-at="2020-05-14T12:57:26Z" finished-at="2020-05-14T12:58:44Z">
          <reporter-output>
          </reporter-output>
        </test-method> <!-- AddPost -->
        <test-method status="PASS" signature="tearDown()[pri:0, instance:com.training.sanity.tests.RETC_042_MediumRealEstate_AddedPostDisplaysInAllPostsPage@7dc7cbad]" name="tearDown" is-config="true" duration-ms="1889" started-at="2020-05-14T12:58:44Z" finished-at="2020-05-14T12:58:46Z">
          <reporter-output>
          </reporter-output>
        </test-method> <!-- tearDown -->
      </class> <!-- com.training.sanity.tests.RETC_042_MediumRealEstate_AddedPostDisplaysInAllPostsPage -->
    </test> <!-- Default test -->
  </suite> <!-- Default suite -->
</testng-results>
