<?xml version="1.0" encoding="UTF-8"?>
<!-- Generated by org.testng.reporters.JUnitXMLReporter -->
<testsuite hostname="DESKTOP-6334OPK" name="Sample test" tests="3" failures="0" timestamp="11 May 2020 07:53:16 GMT" time="99.427" errors="0">
  <testcase name="validLoginTest" time="7.784" classname="com.training.sanity.tests.RealEstate_Login_DeleteCategory_AdminAddTag"/>
  <testcase name="deletecategories" time="22.102" classname="com.training.sanity.tests.RealEstate_Login_DeleteCategory_AdminAddTag"/>
  <testcase name="AddTagDashBoard" time="39.049" classname="com.training.sanity.tests.RealEstate_Login_DeleteCategory_AdminAddTag"/>
</testsuite> <!-- Sample test -->
